<?xml version="1.0" encoding="UTF-8"?>
<!-- Generated by org.testng.reporters.JUnitReportReporter -->
<testsuite hostname="MW-LT-083" failures="0" tests="7" name="get_scenarios.Scenarios" time="10.423" errors="0" timestamp="2022-08-02T14:22:57 IST" skipped="0">
  <testcase classname="get_scenarios.Scenarios" name="A_get_data" time="4.550"/>
  <system-out/>
  <testcase classname="get_scenarios.Scenarios" name="Bverify_id_username_password" time="1.025"/>
  <system-out/>
  <testcase classname="get_scenarios.Scenarios" name="Cid_notfound" time="0.983"/>
  <system-out/>
  <testcase classname="get_scenarios.Scenarios" name="Dupdate_response_in_Post_Api" time="0.981"/>
  <system-out/>
  <testcase classname="get_scenarios.Scenarios" name="Eupdate_id_integer_To_String" time="0.975"/>
  <system-out/>
  <testcase classname="get_scenarios.Scenarios" name="Fdelete_id" time="0.958"/>
  <system-out/>
  <testcase classname="get_scenarios.Scenarios" name="Ginvalid_id_enter" time="0.951"/>
  <system-out/>
</testsuite> <!-- get_scenarios.Scenarios -->
