<?xml version="1.0" encoding="UTF-8"?>
<!-- Generated by org.testng.reporters.JUnitReportReporter -->
<testsuite hostname="MW-LT-135" failures="0" tests="7" name="scenarios.All_Scenarios" time="13.476" errors="0" timestamp="2022-08-16T10:18:40 IST" skipped="0">
  <testcase classname="scenarios.All_Scenarios" name="A_get_data" time="6.143"/>
  <system-out/>
  <testcase classname="scenarios.All_Scenarios" name="Bverify_id_username_password" time="1.137"/>
  <system-out/>
  <testcase classname="scenarios.All_Scenarios" name="Cid_notfound" time="1.598"/>
  <system-out/>
  <testcase classname="scenarios.All_Scenarios" name="Dupdate_response_in_Post_Api" time="1.332"/>
  <system-out/>
  <testcase classname="scenarios.All_Scenarios" name="Eupdate_id_integer_To_String" time="1.092"/>
  <system-out/>
  <testcase classname="scenarios.All_Scenarios" name="Fdelete_id" time="1.087"/>
  <system-out/>
  <testcase classname="scenarios.All_Scenarios" name="Ginvalid_id_enter" time="1.087"/>
  <system-out/>
</testsuite> <!-- scenarios.All_Scenarios -->
